<?xml version="1.0" encoding="UTF-8"?>
<testng-results skipped="0" failed="0" total="1" passed="1">
  <reporter-output>
  </reporter-output>
  <suite name="Default suite" duration-ms="11669" started-at="2020-01-21T12:41:43Z" finished-at="2020-01-21T12:41:55Z">
    <groups>
    </groups>
    <test name="Default test" duration-ms="11669" started-at="2020-01-21T12:41:43Z" finished-at="2020-01-21T12:41:55Z">
      <class name="package1.TestClass1">
        <test-method status="PASS" signature="Testcase1()[pri:0, instance:package1.TestClass1@1ceabc1]" name="Testcase1" duration-ms="11652" started-at="2020-01-21T18:11:43Z" finished-at="2020-01-21T18:11:55Z">
          <reporter-output>
          </reporter-output>
        </test-method> <!-- Testcase1 -->
      </class> <!-- package1.TestClass1 -->
    </test> <!-- Default test -->
  </suite> <!-- Default suite -->
</testng-results>
